2026/02/18 22:19:40 DB ping OK
2026/02/18 22:19:40 listening on :8081
2026/02/18 22:37:57 DB ping OK
2026/02/18 22:37:57 listening on :8081
2026/02/18 22:37:57 http server: listen tcp :8081: bind: address already in use
exit status 1
./scripts/stack.sh: line 62: 57086 Terminated: 15          ENV_FILE=.env GOCACHE="${GOCACHE_DIR}" go run ./services/gateway/cmd/server/main.go
2026/02/18 22:44:34 DB ping OK
2026/02/18 22:44:34 listening on :8081
2026/02/19 21:05:19 DB ping OK
2026/02/19 21:05:19 listening on :8081
2026/02/19 21:05:19 http server: listen tcp :8081: bind: address already in use
exit status 1
2026/02/19 23:05:34 DB ping OK
2026/02/19 23:05:34 listening on :8081
2026/02/19 23:05:34 http server: listen tcp :8081: bind: address already in use
exit status 1
signal: terminated
2026/02/19 23:14:36 DB ping OK
2026/02/19 23:14:36 listening on :8081
2026/02/19 23:25:49 DB ping OK
2026/02/19 23:25:49 listening on :8081
2026/02/19 23:25:49 http server: listen tcp :8081: bind: address already in use
exit status 1
signal: terminated
# github.com/wilsonSev/calendar-management/services/gateway/internal/google
services/gateway/internal/google/oauth.go:50:34: syntax error: unexpected name context in argument list; possibly missing comma or )
services/gateway/internal/google/oauth.go:52:2: syntax error: non-declaration statement outside function body
services/gateway/internal/google/oauth.go:72:2: syntax error: non-declaration statement outside function body
2026/02/19 23:31:16 DB ping OK
2026/02/19 23:31:16 listening on :8081
